Using pre-set license
Built from '2020.3/staging' branch; Version is '2020.3.18f1 (a7d1c678663c) revision 10998214'; Using compiler version '192528614'; Build Type 'Release'
OS: 'Windows 10 Pro; OS build 19043.1288; Version 2009; 64bit' Language: 'ru' Physical Memory: 16327 MB
BatchMode: 1, IsHumanControllingUs: 0, StartBugReporterOnCrash: 0, Is64bit: 1, IsPro: 0

COMMAND LINE ARGUMENTS:
C:\Program Files\Unity\Hub\Editor\2020.3.18f1\Editor\Unity.exe
-adb2
-batchMode
-noUpm
-name
AssetImportWorker0
-projectPath
G:/UnityInternship/SHK-Unity
-logFile
Logs/AssetImportWorker0.log
-srvPort
52826
Successfully changed project path to: G:/UnityInternship/SHK-Unity
G:/UnityInternship/SHK-Unity
Using Asset Import Pipeline V2.
Refreshing native plugins compatible for Editor in 63.84 ms, found 2 plugins.
Preloading 0 native plugins for Editor in 0.00 ms.
Initialize engine version: 2020.3.18f1 (a7d1c678663c)
[Subsystems] Discovering subsystems at path C:/Program Files/Unity/Hub/Editor/2020.3.18f1/Editor/Data/Resources/UnitySubsystems
[Subsystems] Discovering subsystems at path G:/UnityInternship/SHK-Unity/Assets
GfxDevice: creating device client; threaded=0
Direct3D:
    Version:  Direct3D 11.0 [level 11.1]
    Renderer: NVIDIA GeForce GTX 1660 Ti (ID=0x2182)
    Vendor:   
    VRAM:     5991 MB
    Driver:   30.0.14.9649
Initialize mono
Mono path[0] = 'C:/Program Files/Unity/Hub/Editor/2020.3.18f1/Editor/Data/Managed'
Mono path[1] = 'C:/Program Files/Unity/Hub/Editor/2020.3.18f1/Editor/Data/MonoBleedingEdge/lib/mono/unityjit'
Mono config path = 'C:/Program Files/Unity/Hub/Editor/2020.3.18f1/Editor/Data/MonoBleedingEdge/etc'
Using monoOptions --debugger-agent=transport=dt_socket,embedding=1,server=y,suspend=n,address=127.0.0.1:56004
Begin MonoManager ReloadAssembly
Registering precompiled unity dll's ...
Register platform support module: C:/Program Files/Unity/Hub/Editor/2020.3.18f1/Editor/Data/PlaybackEngines/WindowsStandaloneSupport/UnityEditor.WindowsStandalone.Extensions.dll
Registered in 0.002865 seconds.
Native extension for WindowsStandalone target not found
Refreshing native plugins compatible for Editor in 62.73 ms, found 2 plugins.
Preloading 0 native plugins for Editor in 0.00 ms.
Mono: successfully reloaded assembly
- Completed reload, in  1.472 seconds
Domain Reload Profiling:
	ReloadAssembly (1472ms)
		BeginReloadAssembly (101ms)
			ExecutionOrderSort (0ms)
			DisableScriptedObjects (0ms)
			BackupInstance (0ms)
			ReleaseScriptingObjects (0ms)
			CreateAndSetChildDomain (1ms)
		EndReloadAssembly (599ms)
			LoadAssemblies (97ms)
			RebuildTransferFunctionScriptingTraits (0ms)
			SetupTypeCache (227ms)
			ReleaseScriptCaches (0ms)
			RebuildScriptCaches (43ms)
			SetupLoadedEditorAssemblies (231ms)
				LogAssemblyErrors (0ms)
				InitializePlatformSupportModulesInManaged (6ms)
				SetLoadedEditorAssemblies (0ms)
				RefreshPlugins (63ms)
				BeforeProcessingInitializeOnLoad (20ms)
				ProcessInitializeOnLoadAttributes (107ms)
				ProcessInitializeOnLoadMethodAttributes (36ms)
				AfterProcessingInitializeOnLoad (0ms)
				EditorAssembliesLoaded (0ms)
			ExecutionOrderSort2 (0ms)
			AwakeInstancesAfterBackupRestoration (0ms)
Platform modules already initialized, skipping
Registering precompiled user dll's ...
Registered in 0.003649 seconds.
Begin MonoManager ReloadAssembly
Native extension for WindowsStandalone target not found
Refreshing native plugins compatible for Editor in 0.80 ms, found 2 plugins.
Preloading 0 native plugins for Editor in 0.00 ms.
Mono: successfully reloaded assembly
- Completed reload, in  1.528 seconds
Domain Reload Profiling:
	ReloadAssembly (1529ms)
		BeginReloadAssembly (203ms)
			ExecutionOrderSort (0ms)
			DisableScriptedObjects (7ms)
			BackupInstance (0ms)
			ReleaseScriptingObjects (0ms)
			CreateAndSetChildDomain (33ms)
		EndReloadAssembly (1242ms)
			LoadAssemblies (116ms)
			RebuildTransferFunctionScriptingTraits (0ms)
			SetupTypeCache (355ms)
			ReleaseScriptCaches (1ms)
			RebuildScriptCaches (63ms)
			SetupLoadedEditorAssemblies (581ms)
				LogAssemblyErrors (0ms)
				InitializePlatformSupportModulesInManaged (7ms)
				SetLoadedEditorAssemblies (1ms)
				RefreshPlugins (1ms)
				BeforeProcessingInitializeOnLoad (124ms)
				ProcessInitializeOnLoadAttributes (382ms)
				ProcessInitializeOnLoadMethodAttributes (54ms)
				AfterProcessingInitializeOnLoad (12ms)
				EditorAssembliesLoaded (0ms)
			ExecutionOrderSort2 (0ms)
			AwakeInstancesAfterBackupRestoration (11ms)
Platform modules already initialized, skipping
========================================================================
Worker process is ready to serve import requests
Launched and connected shader compiler UnityShaderCompiler.exe after 0.10 seconds
Refreshing native plugins compatible for Editor in 0.73 ms, found 2 plugins.
Preloading 0 native plugins for Editor in 0.00 ms.
Unloading 1967 Unused Serialized files (Serialized files now loaded: 0)
System memory in use before: 80.9 MB.
System memory in use after: 81.0 MB.

Unloading 56 unused Assets to reduce memory usage. Loaded Objects now: 2373.
Total: 8.071300 ms (FindLiveObjects: 0.273000 ms CreateObjectMapping: 0.155200 ms MarkObjects: 7.507500 ms  DeleteObjects: 0.134000 ms)

AssetImportParameters requested are different than current active one (requested -> active):
  custom:framework-win-MediaFoundation: 216162199b28c13a410421893ffa2e32 -> 
  custom:video-decoder-ogg-theora: a1e56fd34408186e4bbccfd4996cb3dc -> 
  custom:container-muxer-webm: aa71ff27fc2769a1b78a27578f13a17b -> 
  custom:container-demuxer-webm: 4f35f7cbe854078d1ac9338744f61a02 -> 
  custom:container-demuxer-ogg: 62fdf1f143b41e24485cea50d1cbac27 -> 
  custom:video-encoder-webm-vp8: eb34c28f22e8b96e1ab97ce403110664 -> 
  custom:video-decoder-webm-vp8: 9c59270c3fd7afecdb556c50c9e8de78 -> 
  custom:audio-decoder-ogg-vorbis: bf7c407c2cedff20999df2af8eb42d56 -> 
  custom:audio-encoder-webm-vorbis: bf7c407c2cedff20999df2af8eb42d56 -> 
========================================================================
Received Import Request.
  path: Assets/Group1
  artifactKey: Guid(ee4993931bc84204e884e5e0f07a5fe7) Importer(815301076,1909f56bfc062723c751e8b465ee728b)
Start importing Assets/Group1 using Guid(ee4993931bc84204e884e5e0f07a5fe7) Importer(815301076,1909f56bfc062723c751e8b465ee728b)  -> (artifact id: '6da865600421652a20343e22f1fdf1f1') in 0.010650 seconds 
  Import took 0.014692 seconds .

========================================================================
Received Import Request.
  Time since last request: 0.000313 seconds.
  path: Assets/Group1/Player.png
  artifactKey: Guid(e3d497cf399ca0d42af41c518d283eb2) Importer(815301076,1909f56bfc062723c751e8b465ee728b)
Start importing Assets/Group1/Player.png using Guid(e3d497cf399ca0d42af41c518d283eb2) Importer(815301076,1909f56bfc062723c751e8b465ee728b)  -> (artifact id: '6b17d8e3e6301346849b34fea072f8c4') in 0.134506 seconds 
  Import took 0.140575 seconds .

========================================================================
Received Import Request.
  Time since last request: 0.000279 seconds.
  path: Assets/Group1/enemy.png
  artifactKey: Guid(c393ddce902166c4fb0e2130d216d549) Importer(815301076,1909f56bfc062723c751e8b465ee728b)
Start importing Assets/Group1/enemy.png using Guid(c393ddce902166c4fb0e2130d216d549) Importer(815301076,1909f56bfc062723c751e8b465ee728b)  -> (artifact id: '2ba5cad126e070374b74c995eeb6c6da') in 0.020784 seconds 
  Import took 0.026112 seconds .

========================================================================
Received Import Request.
  Time since last request: 2.355590 seconds.
  path: Assets/Group1/Scripts
  artifactKey: Guid(599af706dd3de294dbbc342814c5e602) Importer(815301076,1909f56bfc062723c751e8b465ee728b)
Start importing Assets/Group1/Scripts using Guid(599af706dd3de294dbbc342814c5e602) Importer(815301076,1909f56bfc062723c751e8b465ee728b)  -> (artifact id: '5d58f43c84f8a8658769b4529eb4f3cf') in 0.008448 seconds 
  Import took 0.012468 seconds .

========================================================================
Received Import Request.
  Time since last request: 0.922679 seconds.
  path: Assets/Group1/Scripts/e.cs
  artifactKey: Guid(65f7df4705b7dae48944a39b48934484) Importer(815301076,1909f56bfc062723c751e8b465ee728b)
Start importing Assets/Group1/Scripts/e.cs using Guid(65f7df4705b7dae48944a39b48934484) Importer(815301076,1909f56bfc062723c751e8b465ee728b)  -> (artifact id: '8117f73430847f3642150b4515c5524e') in 0.009291 seconds 
  Import took 0.013711 seconds .

========================================================================
Received Import Request.
  Time since last request: 0.000338 seconds.
  path: Assets/Group1/Scripts/e.cs
  artifactKey: Guid(65f7df4705b7dae48944a39b48934484) Importer(815301076,1909f56bfc062723c751e8b465ee728b)
Start importing Assets/Group1/Scripts/e.cs using Guid(65f7df4705b7dae48944a39b48934484) Importer(815301076,1909f56bfc062723c751e8b465ee728b)  -> (artifact id: '8117f73430847f3642150b4515c5524e') in 0.002089 seconds 
  Import took 0.006089 seconds .

========================================================================
Received Import Request.
  Time since last request: 0.697388 seconds.
  path: Assets/Group1/Scripts/GameController.cs
  artifactKey: Guid(cd6d0074e725a114e850d2e604fe4b0d) Importer(815301076,1909f56bfc062723c751e8b465ee728b)
Start importing Assets/Group1/Scripts/GameController.cs using Guid(cd6d0074e725a114e850d2e604fe4b0d) Importer(815301076,1909f56bfc062723c751e8b465ee728b)  -> (artifact id: 'aeb61005de3482c01687c0ad42c43ee4') in 0.009001 seconds 
  Import took 0.012969 seconds .

========================================================================
Received Import Request.
  Time since last request: 0.029652 seconds.
  path: Assets/Group1/Scripts/GameController.cs
  artifactKey: Guid(cd6d0074e725a114e850d2e604fe4b0d) Importer(815301076,1909f56bfc062723c751e8b465ee728b)
Start importing Assets/Group1/Scripts/GameController.cs using Guid(cd6d0074e725a114e850d2e604fe4b0d) Importer(815301076,1909f56bfc062723c751e8b465ee728b)  -> (artifact id: 'aeb61005de3482c01687c0ad42c43ee4') in 0.002760 seconds 
  Import took 0.006737 seconds .

========================================================================
Received Import Request.
  Time since last request: 3.398752 seconds.
  path: Assets/Group1/Scripts/NewBehaviourScript1.cs
  artifactKey: Guid(dede9e7d6741aea4cb07b98da83cc6a8) Importer(815301076,1909f56bfc062723c751e8b465ee728b)
Start importing Assets/Group1/Scripts/NewBehaviourScript1.cs using Guid(dede9e7d6741aea4cb07b98da83cc6a8) Importer(815301076,1909f56bfc062723c751e8b465ee728b)  -> (artifact id: 'c6202349141651de7a0f0736bee5402e') in 0.008122 seconds 
  Import took 0.012352 seconds .

========================================================================
Received Import Request.
  Time since last request: 0.000729 seconds.
  path: Assets/Group1/Scripts/NewBehaviourScript1.cs
  artifactKey: Guid(dede9e7d6741aea4cb07b98da83cc6a8) Importer(815301076,1909f56bfc062723c751e8b465ee728b)
Start importing Assets/Group1/Scripts/NewBehaviourScript1.cs using Guid(dede9e7d6741aea4cb07b98da83cc6a8) Importer(815301076,1909f56bfc062723c751e8b465ee728b)  -> (artifact id: 'c6202349141651de7a0f0736bee5402e') in 0.002763 seconds 
  Import took 0.007170 seconds .

========================================================================
Received Prepare
Refreshing native plugins compatible for Editor in 11.84 ms, found 2 plugins.
Preloading 0 native plugins for Editor in 0.00 ms.
Unloading 45 Unused Serialized files (Serialized files now loaded: 0)
System memory in use before: 45.9 MB.
System memory in use after: 46.0 MB.

Unloading 45 unused Assets to reduce memory usage. Loaded Objects now: 2378.
Total: 7.754000 ms (FindLiveObjects: 0.273500 ms CreateObjectMapping: 0.079700 ms MarkObjects: 7.364300 ms  DeleteObjects: 0.034700 ms)

AssetImportParameters requested are different than current active one (requested -> active):
  custom:framework-win-MediaFoundation: 216162199b28c13a410421893ffa2e32 -> 
  custom:video-decoder-ogg-theora: a1e56fd34408186e4bbccfd4996cb3dc -> 
  custom:container-muxer-webm: aa71ff27fc2769a1b78a27578f13a17b -> 
  custom:container-demuxer-webm: 4f35f7cbe854078d1ac9338744f61a02 -> 
  custom:container-demuxer-ogg: 62fdf1f143b41e24485cea50d1cbac27 -> 
  custom:video-encoder-webm-vp8: eb34c28f22e8b96e1ab97ce403110664 -> 
  custom:video-decoder-webm-vp8: 9c59270c3fd7afecdb556c50c9e8de78 -> 
  custom:audio-decoder-ogg-vorbis: bf7c407c2cedff20999df2af8eb42d56 -> 
  custom:audio-encoder-webm-vorbis: bf7c407c2cedff20999df2af8eb42d56 -> 
========================================================================
Received Import Request.
  Time since last request: 71.251229 seconds.
  path: Assets/Group1/Scenes
  artifactKey: Guid(c1fba93d5f718bb42bc2548dd7f1976c) Importer(815301076,1909f56bfc062723c751e8b465ee728b)
Start importing Assets/Group1/Scenes using Guid(c1fba93d5f718bb42bc2548dd7f1976c) Importer(815301076,1909f56bfc062723c751e8b465ee728b)  -> (artifact id: '54398330b708591ca7e32a5169124a15') in 0.007761 seconds 
  Import took 0.012015 seconds .

========================================================================
Received Import Request.
  Time since last request: 0.614163 seconds.
  path: Assets/Group1/Scenes/KillAllEnemies.unity
  artifactKey: Guid(d0a731de6bc19cc479a2474de64e9b3b) Importer(815301076,1909f56bfc062723c751e8b465ee728b)
Start importing Assets/Group1/Scenes/KillAllEnemies.unity using Guid(d0a731de6bc19cc479a2474de64e9b3b) Importer(815301076,1909f56bfc062723c751e8b465ee728b)  -> (artifact id: '05ddd823f5463fe5396bb2898130601a') in 0.008187 seconds 
  Import took 0.011758 seconds .

